<?xml version="1.0" encoding="UTF-8"?>
<!-- Generated by org.testng.reporters.JUnitXMLReporter -->
<testsuite ignored="0" hostname="D_L_AR-AEEV03J" failures="2" tests="2" name="Verify Login Access" time="37.813" errors="0" timestamp="2020-01-30T16:24:18 SGT">
  <testcase classname="Academy.VerifyLoginAccess" name="login" time="19.931">
    <failure type="java.lang.AssertionError" message="expected [Invalid email or password123.] but found [Invalid email or password.]">
      <![CDATA[java.lang.AssertionError: expected [Invalid email or password123.] but found [Invalid email or password.]
at Academy.VerifyLoginAccess.login(VerifyLoginAccess.java:37)
at java.base/java.util.ArrayList.forEach(ArrayList.java:1507)
... Removed 36 stack frames]]>
    </failure>
  </testcase> <!-- login -->
  <testcase classname="Academy.VerifyLoginAccess" name="login" time="11.129">
    <failure type="java.lang.AssertionError" message="expected [Invalid email or password123.] but found [Invalid email or password.]">
      <![CDATA[java.lang.AssertionError: expected [Invalid email or password123.] but found [Invalid email or password.]
at Academy.VerifyLoginAccess.login(VerifyLoginAccess.java:37)
at java.base/java.util.ArrayList.forEach(ArrayList.java:1507)
... Removed 36 stack frames]]>
    </failure>
  </testcase> <!-- login -->
</testsuite> <!-- Verify Login Access -->
