<?xml version="1.0" encoding="UTF-8"?>
<!-- Generated by org.testng.reporters.JUnitXMLReporter -->
<testsuite ignored="0" hostname="D_L_AR-AEEV03J" failures="0" tests="3" name="Test" time="38.107" errors="0" timestamp="2020-01-28T17:53:07 SGT">
  <testcase classname="Academy.VerifyLoginAccess" name="login" time="10.745"/>
  <testcase classname="Academy.VerifyLoginAccess" name="login" time="6.932"/>
  <testcase classname="Academy.HomePageTest" name="loginPageNavigation" time="9.39"/>
</testsuite> <!-- Test -->
