<?xml version="1.0" encoding="UTF-8"?>
<testsuite xmlns:xsi="http://www.w3.org/2001/XMLSchema-instance" xsi:noNamespaceSchemaLocation="https://maven.apache.org/surefire/maven-surefire-plugin/xsd/surefire-test-report-3.0.xsd" version="3.0" name="TestSuite" time="66.029" tests="3" errors="0" skipped="0" failures="2">
  <properties>
[...]
</properties>
  <testcase name="login" classname="Academy.VerifyLoginAccess" time="20.226">
    <failure message="expected [Invalid email or password123.] but found [Invalid email or password.]" type="java.lang.AssertionError"><![CDATA[java.lang.AssertionError: expected [Invalid email or password123.] but found [Invalid email or password.]
	at Academy.VerifyLoginAccess.login(VerifyLoginAccess.java:37)
]]></failure>
    <system-err><![CDATA[Starting ChromeDriver 79.0.3945.36 (3582db32b33893869b8c1339e8f4d9ed1816f143-refs/branch-heads/3945@{#614}) on port 33994
Only local connections are allowed.
Please protect ports used by ChromeDriver and related test frameworks to prevent access by malicious code.
[1580372624.817][WARNING]: Timed out connecting to Chrome, retrying...
Jan 30, 2020 4:23:46 PM org.openqa.selenium.remote.ProtocolHandshake createSession
INFO: Detected dialect: W3C
]]></system-err>
  </testcase>
  <testcase name="login" classname="Academy.VerifyLoginAccess" time="11.513">
    <failure message="expected [Invalid email or password123.] but found [Invalid email or password.]" type="java.lang.AssertionError"><![CDATA[java.lang.AssertionError: expected [Invalid email or password123.] but found [Invalid email or password.]
	at Academy.VerifyLoginAccess.login(VerifyLoginAccess.java:37)
]]></failure>
  </testcase>
  <testcase name="loginPageNavigation" classname="Academy.HomePageTest" time="19.285"/>
</testsuite>